Analysis & Synthesis report for alarm_clock_pv
Sun Mar 24 22:20:15 2024
Quartus Prime Version 20.1.1 Build 720 11/11/2020 SJ Lite Edition


---------------------
; Table of Contents ;
---------------------
  1. Legal Notice
  2. Analysis & Synthesis Summary
  3. Analysis & Synthesis Settings
  4. Parallel Compilation
  5. Analysis & Synthesis Source Files Read
  6. Analysis & Synthesis Resource Usage Summary
  7. Analysis & Synthesis Resource Utilization by Entity
  8. Registers Removed During Synthesis
  9. General Register Statistics
 10. Multiplexer Restructuring Statistics (Restructuring Performed)
 11. Parameter Settings for User Entity Instance: freq_div:f1
 12. Parameter Settings for User Entity Instance: alarm_clock:a1|freq_div:onehertz
 13. Parameter Settings for User Entity Instance: alarm_clock:a1|timer:alarm_tim|clocktime:secclock
 14. Parameter Settings for User Entity Instance: alarm_clock:a1|timer:alarm_tim|clocktime:minclock
 15. Parameter Settings for User Entity Instance: alarm_clock:a1|timer:alarm_tim|clocktime:hoursclock
 16. Parameter Settings for User Entity Instance: alarm_clock:a1|timer:clock_tim|clocktime:secclock
 17. Parameter Settings for User Entity Instance: alarm_clock:a1|timer:clock_tim|clocktime:minclock
 18. Parameter Settings for User Entity Instance: alarm_clock:a1|timer:clock_tim|clocktime:hoursclock
 19. Parameter Settings for Inferred Entity Instance: num_msb:n3|lpm_divide:Mod0
 20. Parameter Settings for Inferred Entity Instance: num_msb:n2|lpm_divide:Mod0
 21. Parameter Settings for Inferred Entity Instance: num_msb:n1|lpm_divide:Mod0
 22. Port Connectivity Checks: "alarm_clock:a1|timer:alarm_tim|clocktime:hoursclock"
 23. Port Connectivity Checks: "alarm_clock:a1|timer:alarm_tim|clocktime:minclock"
 24. Port Connectivity Checks: "alarm_clock:a1|timer:alarm_tim|clocktime:secclock"
 25. Port Connectivity Checks: "alarm_clock:a1|freq_div:onehertz"
 26. Port Connectivity Checks: "freq_div:f1"
 27. Post-Synthesis Netlist Statistics for Top Partition
 28. Elapsed Time Per Partition
 29. Analysis & Synthesis Messages



----------------
; Legal Notice ;
----------------
Copyright (C) 2020  Intel Corporation. All rights reserved.
Your use of Intel Corporation's design tools, logic functions 
and other software and tools, and any partner logic 
functions, and any output files from any of the foregoing 
(including device programming or simulation files), and any 
associated documentation or information are expressly subject 
to the terms and conditions of the Intel Program License 
Subscription Agreement, the Intel Quartus Prime License Agreement,
the Intel FPGA IP License Agreement, or other applicable license
agreement, including, without limitation, that your use is for
the sole purpose of programming logic devices manufactured by
Intel and sold by Intel or its authorized distributors.  Please
refer to the applicable agreement for further details, at
https://fpgasoftware.intel.com/eula.



+----------------------------------------------------------------------------------+
; Analysis & Synthesis Summary                                                     ;
+------------------------------------+---------------------------------------------+
; Analysis & Synthesis Status        ; Successful - Sun Mar 24 22:20:15 2024       ;
; Quartus Prime Version              ; 20.1.1 Build 720 11/11/2020 SJ Lite Edition ;
; Revision Name                      ; alarm_clock_pv                              ;
; Top-level Entity Name              ; alarm_clock_pv                              ;
; Family                             ; MAX 10                                      ;
; Total logic elements               ; 484                                         ;
;     Total combinational functions  ; 484                                         ;
;     Dedicated logic registers      ; 80                                          ;
; Total registers                    ; 80                                          ;
; Total pins                         ; 58                                          ;
; Total virtual pins                 ; 0                                           ;
; Total memory bits                  ; 0                                           ;
; Embedded Multiplier 9-bit elements ; 0                                           ;
; Total PLLs                         ; 0                                           ;
; UFM blocks                         ; 0                                           ;
; ADC blocks                         ; 0                                           ;
+------------------------------------+---------------------------------------------+


+------------------------------------------------------------------------------------------------------------+
; Analysis & Synthesis Settings                                                                              ;
+------------------------------------------------------------------+--------------------+--------------------+
; Option                                                           ; Setting            ; Default Value      ;
+------------------------------------------------------------------+--------------------+--------------------+
; Device                                                           ; 10M50DAF484C6GES   ;                    ;
; Top-level entity name                                            ; alarm_clock_pv     ; alarm_clock_pv     ;
; Family name                                                      ; MAX 10             ; Cyclone V          ;
; Use smart compilation                                            ; Off                ; Off                ;
; Enable parallel Assembler and Timing Analyzer during compilation ; On                 ; On                 ;
; Enable compact report table                                      ; Off                ; Off                ;
; Restructure Multiplexers                                         ; Auto               ; Auto               ;
; Create Debugging Nodes for IP Cores                              ; Off                ; Off                ;
; Preserve fewer node names                                        ; On                 ; On                 ;
; Intel FPGA IP Evaluation Mode                                    ; Enable             ; Enable             ;
; Verilog Version                                                  ; Verilog_2001       ; Verilog_2001       ;
; VHDL Version                                                     ; VHDL_1993          ; VHDL_1993          ;
; State Machine Processing                                         ; Auto               ; Auto               ;
; Safe State Machine                                               ; Off                ; Off                ;
; Extract Verilog State Machines                                   ; On                 ; On                 ;
; Extract VHDL State Machines                                      ; On                 ; On                 ;
; Ignore Verilog initial constructs                                ; Off                ; Off                ;
; Iteration limit for constant Verilog loops                       ; 5000               ; 5000               ;
; Iteration limit for non-constant Verilog loops                   ; 250                ; 250                ;
; Add Pass-Through Logic to Inferred RAMs                          ; On                 ; On                 ;
; Infer RAMs from Raw Logic                                        ; On                 ; On                 ;
; Parallel Synthesis                                               ; On                 ; On                 ;
; DSP Block Balancing                                              ; Auto               ; Auto               ;
; NOT Gate Push-Back                                               ; On                 ; On                 ;
; Power-Up Don't Care                                              ; On                 ; On                 ;
; Remove Redundant Logic Cells                                     ; Off                ; Off                ;
; Remove Duplicate Registers                                       ; On                 ; On                 ;
; Ignore CARRY Buffers                                             ; Off                ; Off                ;
; Ignore CASCADE Buffers                                           ; Off                ; Off                ;
; Ignore GLOBAL Buffers                                            ; Off                ; Off                ;
; Ignore ROW GLOBAL Buffers                                        ; Off                ; Off                ;
; Ignore LCELL Buffers                                             ; Off                ; Off                ;
; Ignore SOFT Buffers                                              ; On                 ; On                 ;
; Limit AHDL Integers to 32 Bits                                   ; Off                ; Off                ;
; Optimization Technique                                           ; Balanced           ; Balanced           ;
; Carry Chain Length                                               ; 70                 ; 70                 ;
; Auto Carry Chains                                                ; On                 ; On                 ;
; Auto Open-Drain Pins                                             ; On                 ; On                 ;
; Perform WYSIWYG Primitive Resynthesis                            ; Off                ; Off                ;
; Auto ROM Replacement                                             ; On                 ; On                 ;
; Auto RAM Replacement                                             ; On                 ; On                 ;
; Auto DSP Block Replacement                                       ; On                 ; On                 ;
; Auto Shift Register Replacement                                  ; Auto               ; Auto               ;
; Allow Shift Register Merging across Hierarchies                  ; Auto               ; Auto               ;
; Auto Clock Enable Replacement                                    ; On                 ; On                 ;
; Strict RAM Replacement                                           ; Off                ; Off                ;
; Allow Synchronous Control Signals                                ; On                 ; On                 ;
; Force Use of Synchronous Clear Signals                           ; Off                ; Off                ;
; Auto RAM Block Balancing                                         ; On                 ; On                 ;
; Auto RAM to Logic Cell Conversion                                ; Off                ; Off                ;
; Auto Resource Sharing                                            ; Off                ; Off                ;
; Allow Any RAM Size For Recognition                               ; Off                ; Off                ;
; Allow Any ROM Size For Recognition                               ; Off                ; Off                ;
; Allow Any Shift Register Size For Recognition                    ; Off                ; Off                ;
; Use LogicLock Constraints during Resource Balancing              ; On                 ; On                 ;
; Ignore translate_off and synthesis_off directives                ; Off                ; Off                ;
; Timing-Driven Synthesis                                          ; On                 ; On                 ;
; Report Parameter Settings                                        ; On                 ; On                 ;
; Report Source Assignments                                        ; On                 ; On                 ;
; Report Connectivity Checks                                       ; On                 ; On                 ;
; Ignore Maximum Fan-Out Assignments                               ; Off                ; Off                ;
; Synchronization Register Chain Length                            ; 2                  ; 2                  ;
; Power Optimization During Synthesis                              ; Normal compilation ; Normal compilation ;
; HDL message level                                                ; Level2             ; Level2             ;
; Suppress Register Optimization Related Messages                  ; Off                ; Off                ;
; Number of Removed Registers Reported in Synthesis Report         ; 5000               ; 5000               ;
; Number of Swept Nodes Reported in Synthesis Report               ; 5000               ; 5000               ;
; Number of Inverted Registers Reported in Synthesis Report        ; 100                ; 100                ;
; Clock MUX Protection                                             ; On                 ; On                 ;
; Auto Gated Clock Conversion                                      ; Off                ; Off                ;
; Block Design Naming                                              ; Auto               ; Auto               ;
; SDC constraint protection                                        ; Off                ; Off                ;
; Synthesis Effort                                                 ; Auto               ; Auto               ;
; Shift Register Replacement - Allow Asynchronous Clear Signal     ; On                 ; On                 ;
; Pre-Mapping Resynthesis Optimization                             ; Off                ; Off                ;
; Analysis & Synthesis Message Level                               ; Medium             ; Medium             ;
; Disable Register Merging Across Hierarchies                      ; Auto               ; Auto               ;
; Resource Aware Inference For Block RAM                           ; On                 ; On                 ;
+------------------------------------------------------------------+--------------------+--------------------+


+------------------------------------------+
; Parallel Compilation                     ;
+----------------------------+-------------+
; Processors                 ; Number      ;
+----------------------------+-------------+
; Number detected on machine ; 16          ;
; Maximum allowed            ; 16          ;
;                            ;             ;
; Average used               ; 1.00        ;
; Maximum used               ; 16          ;
;                            ;             ;
; Usage by Processor         ; % Time Used ;
;     Processor 1            ; 100.0%      ;
;     Processor 2            ;   0.0%      ;
;     Processors 3-16        ;   0.0%      ;
+----------------------------+-------------+


+-------------------------------------------------------------------------------------------------------------------------------------------------------------------------------+
; Analysis & Synthesis Source Files Read                                                                                                                                        ;
+----------------------------------+-----------------+------------------------------+---------------------------------------------------------------------------------+---------+
; File Name with User-Entered Path ; Used in Netlist ; File Type                    ; File Name with Absolute Path                                                    ; Library ;
+----------------------------------+-----------------+------------------------------+---------------------------------------------------------------------------------+---------+
; ../lab4.sv                       ; yes             ; User SystemVerilog HDL File  ; C:/Users/pknad/Documents/EEE333_verilog/lab4/lab4.sv                            ;         ;
; lpm_divide.tdf                   ; yes             ; Megafunction                 ; c:/intelfpga_lite/20.1/quartus/libraries/megafunctions/lpm_divide.tdf           ;         ;
; abs_divider.inc                  ; yes             ; Megafunction                 ; c:/intelfpga_lite/20.1/quartus/libraries/megafunctions/abs_divider.inc          ;         ;
; sign_div_unsign.inc              ; yes             ; Megafunction                 ; c:/intelfpga_lite/20.1/quartus/libraries/megafunctions/sign_div_unsign.inc      ;         ;
; aglobal201.inc                   ; yes             ; Megafunction                 ; c:/intelfpga_lite/20.1/quartus/libraries/megafunctions/aglobal201.inc           ;         ;
; db/lpm_divide_ckl.tdf            ; yes             ; Auto-Generated Megafunction  ; C:/Users/pknad/Documents/EEE333_verilog/lab4/Quartus/db/lpm_divide_ckl.tdf      ;         ;
; db/sign_div_unsign_bkh.tdf       ; yes             ; Auto-Generated Megafunction  ; C:/Users/pknad/Documents/EEE333_verilog/lab4/Quartus/db/sign_div_unsign_bkh.tdf ;         ;
; db/alt_u_div_0fe.tdf             ; yes             ; Auto-Generated Megafunction  ; C:/Users/pknad/Documents/EEE333_verilog/lab4/Quartus/db/alt_u_div_0fe.tdf       ;         ;
; db/add_sub_t3c.tdf               ; yes             ; Auto-Generated Megafunction  ; C:/Users/pknad/Documents/EEE333_verilog/lab4/Quartus/db/add_sub_t3c.tdf         ;         ;
; db/add_sub_u3c.tdf               ; yes             ; Auto-Generated Megafunction  ; C:/Users/pknad/Documents/EEE333_verilog/lab4/Quartus/db/add_sub_u3c.tdf         ;         ;
+----------------------------------+-----------------+------------------------------+---------------------------------------------------------------------------------+---------+


+---------------------------------------------------------+
; Analysis & Synthesis Resource Usage Summary             ;
+---------------------------------------------+-----------+
; Resource                                    ; Usage     ;
+---------------------------------------------+-----------+
; Estimated Total logic elements              ; 484       ;
;                                             ;           ;
; Total combinational functions               ; 484       ;
; Logic element usage by number of LUT inputs ;           ;
;     -- 4 input functions                    ; 202       ;
;     -- 3 input functions                    ; 123       ;
;     -- <=2 input functions                  ; 159       ;
;                                             ;           ;
; Logic elements by mode                      ;           ;
;     -- normal mode                          ; 360       ;
;     -- arithmetic mode                      ; 124       ;
;                                             ;           ;
; Total registers                             ; 80        ;
;     -- Dedicated logic registers            ; 80        ;
;     -- I/O registers                        ; 0         ;
;                                             ;           ;
; I/O pins                                    ; 58        ;
;                                             ;           ;
; Embedded Multiplier 9-bit elements          ; 0         ;
;                                             ;           ;
; Maximum fan-out node                        ; SW1~input ;
; Maximum fan-out                             ; 92        ;
; Total fan-out                               ; 1919      ;
; Average fan-out                             ; 2.82      ;
+---------------------------------------------+-----------+


+------------------------------------------------------------------------------------------------------------------------------------------------------------------------------------------------------------------------------------------------------------------------------------------------------------------------------------------------------------------+
; Analysis & Synthesis Resource Utilization by Entity                                                                                                                                                                                                                                                                                                              ;
+-------------------------------------------+---------------------+---------------------------+-------------+------------+--------------+---------+-----------+------+--------------+------------+----------------------------------------------------------------------------------------------------------------------------+---------------------+--------------+
; Compilation Hierarchy Node                ; Combinational ALUTs ; Dedicated Logic Registers ; Memory Bits ; UFM Blocks ; DSP Elements ; DSP 9x9 ; DSP 18x18 ; Pins ; Virtual Pins ; ADC blocks ; Full Hierarchy Name                                                                                                        ; Entity Name         ; Library Name ;
+-------------------------------------------+---------------------+---------------------------+-------------+------------+--------------+---------+-----------+------+--------------+------------+----------------------------------------------------------------------------------------------------------------------------+---------------------+--------------+
; |alarm_clock_pv                           ; 484 (20)            ; 80 (0)                    ; 0           ; 0          ; 0            ; 0       ; 0         ; 58   ; 0            ; 0          ; |alarm_clock_pv                                                                                                            ; alarm_clock_pv      ; work         ;
;    |Dec27Seg:D1|                          ; 39 (39)             ; 0 (0)                     ; 0           ; 0          ; 0            ; 0       ; 0         ; 0    ; 0            ; 0          ; |alarm_clock_pv|Dec27Seg:D1                                                                                                ; Dec27Seg            ; work         ;
;    |Dec27Seg:D2|                          ; 7 (7)               ; 0 (0)                     ; 0           ; 0          ; 0            ; 0       ; 0         ; 0    ; 0            ; 0          ; |alarm_clock_pv|Dec27Seg:D2                                                                                                ; Dec27Seg            ; work         ;
;    |Dec27Seg:D3|                          ; 39 (39)             ; 0 (0)                     ; 0           ; 0          ; 0            ; 0       ; 0         ; 0    ; 0            ; 0          ; |alarm_clock_pv|Dec27Seg:D3                                                                                                ; Dec27Seg            ; work         ;
;    |Dec27Seg:D4|                          ; 7 (7)               ; 0 (0)                     ; 0           ; 0          ; 0            ; 0       ; 0         ; 0    ; 0            ; 0          ; |alarm_clock_pv|Dec27Seg:D4                                                                                                ; Dec27Seg            ; work         ;
;    |Dec27Seg:D5|                          ; 47 (47)             ; 0 (0)                     ; 0           ; 0          ; 0            ; 0       ; 0         ; 0    ; 0            ; 0          ; |alarm_clock_pv|Dec27Seg:D5                                                                                                ; Dec27Seg            ; work         ;
;    |Dec27Seg:D6|                          ; 7 (7)               ; 0 (0)                     ; 0           ; 0          ; 0            ; 0       ; 0         ; 0    ; 0            ; 0          ; |alarm_clock_pv|Dec27Seg:D6                                                                                                ; Dec27Seg            ; work         ;
;    |alarm_clock:a1|                       ; 100 (18)            ; 53 (1)                    ; 0           ; 0          ; 0            ; 0       ; 0         ; 0    ; 0            ; 0          ; |alarm_clock_pv|alarm_clock:a1                                                                                             ; alarm_clock         ; work         ;
;       |freq_div:onehertz|                 ; 12 (12)             ; 9 (9)                     ; 0           ; 0          ; 0            ; 0       ; 0         ; 0    ; 0            ; 0          ; |alarm_clock_pv|alarm_clock:a1|freq_div:onehertz                                                                           ; freq_div            ; work         ;
;       |timer:alarm_tim|                   ; 28 (5)              ; 17 (0)                    ; 0           ; 0          ; 0            ; 0       ; 0         ; 0    ; 0            ; 0          ; |alarm_clock_pv|alarm_clock:a1|timer:alarm_tim                                                                             ; timer               ; work         ;
;          |clocktime:hoursclock|           ; 11 (11)             ; 8 (8)                     ; 0           ; 0          ; 0            ; 0       ; 0         ; 0    ; 0            ; 0          ; |alarm_clock_pv|alarm_clock:a1|timer:alarm_tim|clocktime:hoursclock                                                        ; clocktime           ; work         ;
;          |clocktime:minclock|             ; 12 (12)             ; 9 (9)                     ; 0           ; 0          ; 0            ; 0       ; 0         ; 0    ; 0            ; 0          ; |alarm_clock_pv|alarm_clock:a1|timer:alarm_tim|clocktime:minclock                                                          ; clocktime           ; work         ;
;       |timer:clock_tim|                   ; 42 (8)              ; 26 (0)                    ; 0           ; 0          ; 0            ; 0       ; 0         ; 0    ; 0            ; 0          ; |alarm_clock_pv|alarm_clock:a1|timer:clock_tim                                                                             ; timer               ; work         ;
;          |clocktime:hoursclock|           ; 11 (11)             ; 8 (8)                     ; 0           ; 0          ; 0            ; 0       ; 0         ; 0    ; 0            ; 0          ; |alarm_clock_pv|alarm_clock:a1|timer:clock_tim|clocktime:hoursclock                                                        ; clocktime           ; work         ;
;          |clocktime:minclock|             ; 12 (12)             ; 9 (9)                     ; 0           ; 0          ; 0            ; 0       ; 0         ; 0    ; 0            ; 0          ; |alarm_clock_pv|alarm_clock:a1|timer:clock_tim|clocktime:minclock                                                          ; clocktime           ; work         ;
;          |clocktime:secclock|             ; 11 (11)             ; 9 (9)                     ; 0           ; 0          ; 0            ; 0       ; 0         ; 0    ; 0            ; 0          ; |alarm_clock_pv|alarm_clock:a1|timer:clock_tim|clocktime:secclock                                                          ; clocktime           ; work         ;
;    |freq_div:f1|                          ; 35 (35)             ; 27 (27)                   ; 0           ; 0          ; 0            ; 0       ; 0         ; 0    ; 0            ; 0          ; |alarm_clock_pv|freq_div:f1                                                                                                ; freq_div            ; work         ;
;    |num_msb:n1|                           ; 59 (0)              ; 0 (0)                     ; 0           ; 0          ; 0            ; 0       ; 0         ; 0    ; 0            ; 0          ; |alarm_clock_pv|num_msb:n1                                                                                                 ; num_msb             ; work         ;
;       |lpm_divide:Mod0|                   ; 59 (0)              ; 0 (0)                     ; 0           ; 0          ; 0            ; 0       ; 0         ; 0    ; 0            ; 0          ; |alarm_clock_pv|num_msb:n1|lpm_divide:Mod0                                                                                 ; lpm_divide          ; work         ;
;          |lpm_divide_ckl:auto_generated|  ; 59 (0)              ; 0 (0)                     ; 0           ; 0          ; 0            ; 0       ; 0         ; 0    ; 0            ; 0          ; |alarm_clock_pv|num_msb:n1|lpm_divide:Mod0|lpm_divide_ckl:auto_generated                                                   ; lpm_divide_ckl      ; work         ;
;             |sign_div_unsign_bkh:divider| ; 59 (0)              ; 0 (0)                     ; 0           ; 0          ; 0            ; 0       ; 0         ; 0    ; 0            ; 0          ; |alarm_clock_pv|num_msb:n1|lpm_divide:Mod0|lpm_divide_ckl:auto_generated|sign_div_unsign_bkh:divider                       ; sign_div_unsign_bkh ; work         ;
;                |alt_u_div_0fe:divider|    ; 59 (59)             ; 0 (0)                     ; 0           ; 0          ; 0            ; 0       ; 0         ; 0    ; 0            ; 0          ; |alarm_clock_pv|num_msb:n1|lpm_divide:Mod0|lpm_divide_ckl:auto_generated|sign_div_unsign_bkh:divider|alt_u_div_0fe:divider ; alt_u_div_0fe       ; work         ;
;    |num_msb:n2|                           ; 59 (0)              ; 0 (0)                     ; 0           ; 0          ; 0            ; 0       ; 0         ; 0    ; 0            ; 0          ; |alarm_clock_pv|num_msb:n2                                                                                                 ; num_msb             ; work         ;
;       |lpm_divide:Mod0|                   ; 59 (0)              ; 0 (0)                     ; 0           ; 0          ; 0            ; 0       ; 0         ; 0    ; 0            ; 0          ; |alarm_clock_pv|num_msb:n2|lpm_divide:Mod0                                                                                 ; lpm_divide          ; work         ;
;          |lpm_divide_ckl:auto_generated|  ; 59 (0)              ; 0 (0)                     ; 0           ; 0          ; 0            ; 0       ; 0         ; 0    ; 0            ; 0          ; |alarm_clock_pv|num_msb:n2|lpm_divide:Mod0|lpm_divide_ckl:auto_generated                                                   ; lpm_divide_ckl      ; work         ;
;             |sign_div_unsign_bkh:divider| ; 59 (0)              ; 0 (0)                     ; 0           ; 0          ; 0            ; 0       ; 0         ; 0    ; 0            ; 0          ; |alarm_clock_pv|num_msb:n2|lpm_divide:Mod0|lpm_divide_ckl:auto_generated|sign_div_unsign_bkh:divider                       ; sign_div_unsign_bkh ; work         ;
;                |alt_u_div_0fe:divider|    ; 59 (59)             ; 0 (0)                     ; 0           ; 0          ; 0            ; 0       ; 0         ; 0    ; 0            ; 0          ; |alarm_clock_pv|num_msb:n2|lpm_divide:Mod0|lpm_divide_ckl:auto_generated|sign_div_unsign_bkh:divider|alt_u_div_0fe:divider ; alt_u_div_0fe       ; work         ;
;    |num_msb:n3|                           ; 65 (0)              ; 0 (0)                     ; 0           ; 0          ; 0            ; 0       ; 0         ; 0    ; 0            ; 0          ; |alarm_clock_pv|num_msb:n3                                                                                                 ; num_msb             ; work         ;
;       |lpm_divide:Mod0|                   ; 65 (0)              ; 0 (0)                     ; 0           ; 0          ; 0            ; 0       ; 0         ; 0    ; 0            ; 0          ; |alarm_clock_pv|num_msb:n3|lpm_divide:Mod0                                                                                 ; lpm_divide          ; work         ;
;          |lpm_divide_ckl:auto_generated|  ; 65 (0)              ; 0 (0)                     ; 0           ; 0          ; 0            ; 0       ; 0         ; 0    ; 0            ; 0          ; |alarm_clock_pv|num_msb:n3|lpm_divide:Mod0|lpm_divide_ckl:auto_generated                                                   ; lpm_divide_ckl      ; work         ;
;             |sign_div_unsign_bkh:divider| ; 65 (0)              ; 0 (0)                     ; 0           ; 0          ; 0            ; 0       ; 0         ; 0    ; 0            ; 0          ; |alarm_clock_pv|num_msb:n3|lpm_divide:Mod0|lpm_divide_ckl:auto_generated|sign_div_unsign_bkh:divider                       ; sign_div_unsign_bkh ; work         ;
;                |alt_u_div_0fe:divider|    ; 65 (65)             ; 0 (0)                     ; 0           ; 0          ; 0            ; 0       ; 0         ; 0    ; 0            ; 0          ; |alarm_clock_pv|num_msb:n3|lpm_divide:Mod0|lpm_divide_ckl:auto_generated|sign_div_unsign_bkh:divider|alt_u_div_0fe:divider ; alt_u_div_0fe       ; work         ;
+-------------------------------------------+---------------------+---------------------------+-------------+------------+--------------+---------+-----------+------+--------------+------------+----------------------------------------------------------------------------------------------------------------------------+---------------------+--------------+
Note: For table entries with two numbers listed, the numbers in parentheses indicate the number of resources of the given type used by the specific entity alone. The numbers listed outside of parentheses indicate the total resources of the given type used by the specific entity and all of its sub-entities in the hierarchy.


+-------------------------------------------------------------------------------------------------------------+
; Registers Removed During Synthesis                                                                          ;
+---------------------------------------------------------------+---------------------------------------------+
; Register name                                                 ; Reason for Removal                          ;
+---------------------------------------------------------------+---------------------------------------------+
; alarm_clock:a1|timer:alarm_tim|clocktime:secclock|Count[0..7] ; Stuck at GND due to stuck port clock_enable ;
; alarm_clock:a1|timer:alarm_tim|clocktime:secclock|clkout      ; Stuck at GND due to stuck port clock_enable ;
; Total Number of Removed Registers = 9                         ;                                             ;
+---------------------------------------------------------------+---------------------------------------------+


+------------------------------------------------------+
; General Register Statistics                          ;
+----------------------------------------------+-------+
; Statistic                                    ; Value ;
+----------------------------------------------+-------+
; Total registers                              ; 80    ;
; Number of registers using Synchronous Clear  ; 74    ;
; Number of registers using Synchronous Load   ; 0     ;
; Number of registers using Asynchronous Clear ; 80    ;
; Number of registers using Asynchronous Load  ; 0     ;
; Number of registers using Clock Enable       ; 40    ;
; Number of registers using Preset             ; 0     ;
+----------------------------------------------+-------+


+-----------------------------------------------------------------------------------------------------------------------------------------------------------+
; Multiplexer Restructuring Statistics (Restructuring Performed)                                                                                            ;
+--------------------+-----------+---------------+----------------------+------------------------+------------+---------------------------------------------+
; Multiplexer Inputs ; Bus Width ; Baseline Area ; Area if Restructured ; Saving if Restructured ; Registered ; Example Multiplexer Output                  ;
+--------------------+-----------+---------------+----------------------+------------------------+------------+---------------------------------------------+
; 3:1                ; 2 bits    ; 4 LEs         ; 2 LEs                ; 2 LEs                  ; No         ; |alarm_clock_pv|alarm_clock:a1|set_alarm_hr ;
+--------------------+-----------+---------------+----------------------+------------------------+------------+---------------------------------------------+


+----------------------------------------------------------+
; Parameter Settings for User Entity Instance: freq_div:f1 ;
+----------------+-------+---------------------------------+
; Parameter Name ; Value ; Type                            ;
+----------------+-------+---------------------------------+
; size           ; 26    ; Signed Integer                  ;
+----------------+-------+---------------------------------+
Note: In order to hide this table in the UI and the text report file, please set the "Show Parameter Settings in Synthesis Report" option in "Analysis and Synthesis Settings -> More Settings" to "Off".


+-------------------------------------------------------------------------------+
; Parameter Settings for User Entity Instance: alarm_clock:a1|freq_div:onehertz ;
+----------------+-------+------------------------------------------------------+
; Parameter Name ; Value ; Type                                                 ;
+----------------+-------+------------------------------------------------------+
; size           ; 8     ; Signed Integer                                       ;
+----------------+-------+------------------------------------------------------+
Note: In order to hide this table in the UI and the text report file, please set the "Show Parameter Settings in Synthesis Report" option in "Analysis and Synthesis Settings -> More Settings" to "Off".


+------------------------------------------------------------------------------------------------+
; Parameter Settings for User Entity Instance: alarm_clock:a1|timer:alarm_tim|clocktime:secclock ;
+----------------+-------+-----------------------------------------------------------------------+
; Parameter Name ; Value ; Type                                                                  ;
+----------------+-------+-----------------------------------------------------------------------+
; size           ; 8     ; Signed Integer                                                        ;
+----------------+-------+-----------------------------------------------------------------------+
Note: In order to hide this table in the UI and the text report file, please set the "Show Parameter Settings in Synthesis Report" option in "Analysis and Synthesis Settings -> More Settings" to "Off".


+------------------------------------------------------------------------------------------------+
; Parameter Settings for User Entity Instance: alarm_clock:a1|timer:alarm_tim|clocktime:minclock ;
+----------------+-------+-----------------------------------------------------------------------+
; Parameter Name ; Value ; Type                                                                  ;
+----------------+-------+-----------------------------------------------------------------------+
; size           ; 8     ; Signed Integer                                                        ;
+----------------+-------+-----------------------------------------------------------------------+
Note: In order to hide this table in the UI and the text report file, please set the "Show Parameter Settings in Synthesis Report" option in "Analysis and Synthesis Settings -> More Settings" to "Off".


+--------------------------------------------------------------------------------------------------+
; Parameter Settings for User Entity Instance: alarm_clock:a1|timer:alarm_tim|clocktime:hoursclock ;
+----------------+-------+-------------------------------------------------------------------------+
; Parameter Name ; Value ; Type                                                                    ;
+----------------+-------+-------------------------------------------------------------------------+
; size           ; 8     ; Signed Integer                                                          ;
+----------------+-------+-------------------------------------------------------------------------+
Note: In order to hide this table in the UI and the text report file, please set the "Show Parameter Settings in Synthesis Report" option in "Analysis and Synthesis Settings -> More Settings" to "Off".


+------------------------------------------------------------------------------------------------+
; Parameter Settings for User Entity Instance: alarm_clock:a1|timer:clock_tim|clocktime:secclock ;
+----------------+-------+-----------------------------------------------------------------------+
; Parameter Name ; Value ; Type                                                                  ;
+----------------+-------+-----------------------------------------------------------------------+
; size           ; 8     ; Signed Integer                                                        ;
+----------------+-------+-----------------------------------------------------------------------+
Note: In order to hide this table in the UI and the text report file, please set the "Show Parameter Settings in Synthesis Report" option in "Analysis and Synthesis Settings -> More Settings" to "Off".


+------------------------------------------------------------------------------------------------+
; Parameter Settings for User Entity Instance: alarm_clock:a1|timer:clock_tim|clocktime:minclock ;
+----------------+-------+-----------------------------------------------------------------------+
; Parameter Name ; Value ; Type                                                                  ;
+----------------+-------+-----------------------------------------------------------------------+
; size           ; 8     ; Signed Integer                                                        ;
+----------------+-------+-----------------------------------------------------------------------+
Note: In order to hide this table in the UI and the text report file, please set the "Show Parameter Settings in Synthesis Report" option in "Analysis and Synthesis Settings -> More Settings" to "Off".


+--------------------------------------------------------------------------------------------------+
; Parameter Settings for User Entity Instance: alarm_clock:a1|timer:clock_tim|clocktime:hoursclock ;
+----------------+-------+-------------------------------------------------------------------------+
; Parameter Name ; Value ; Type                                                                    ;
+----------------+-------+-------------------------------------------------------------------------+
; size           ; 8     ; Signed Integer                                                          ;
+----------------+-------+-------------------------------------------------------------------------+
Note: In order to hide this table in the UI and the text report file, please set the "Show Parameter Settings in Synthesis Report" option in "Analysis and Synthesis Settings -> More Settings" to "Off".


+-----------------------------------------------------------------------------+
; Parameter Settings for Inferred Entity Instance: num_msb:n3|lpm_divide:Mod0 ;
+------------------------+----------------+-----------------------------------+
; Parameter Name         ; Value          ; Type                              ;
+------------------------+----------------+-----------------------------------+
; LPM_WIDTHN             ; 8              ; Untyped                           ;
; LPM_WIDTHD             ; 4              ; Untyped                           ;
; LPM_NREPRESENTATION    ; UNSIGNED       ; Untyped                           ;
; LPM_DREPRESENTATION    ; UNSIGNED       ; Untyped                           ;
; LPM_PIPELINE           ; 0              ; Untyped                           ;
; LPM_REMAINDERPOSITIVE  ; TRUE           ; Untyped                           ;
; MAXIMIZE_SPEED         ; 5              ; Untyped                           ;
; CBXI_PARAMETER         ; lpm_divide_ckl ; Untyped                           ;
; CARRY_CHAIN            ; MANUAL         ; Untyped                           ;
; OPTIMIZE_FOR_SPEED     ; 5              ; Untyped                           ;
; AUTO_CARRY_CHAINS      ; ON             ; AUTO_CARRY                        ;
; IGNORE_CARRY_BUFFERS   ; OFF            ; IGNORE_CARRY                      ;
; AUTO_CASCADE_CHAINS    ; ON             ; AUTO_CASCADE                      ;
; IGNORE_CASCADE_BUFFERS ; OFF            ; IGNORE_CASCADE                    ;
+------------------------+----------------+-----------------------------------+
Note: In order to hide this table in the UI and the text report file, please set the "Show Parameter Settings in Synthesis Report" option in "Analysis and Synthesis Settings -> More Settings" to "Off".


+-----------------------------------------------------------------------------+
; Parameter Settings for Inferred Entity Instance: num_msb:n2|lpm_divide:Mod0 ;
+------------------------+----------------+-----------------------------------+
; Parameter Name         ; Value          ; Type                              ;
+------------------------+----------------+-----------------------------------+
; LPM_WIDTHN             ; 8              ; Untyped                           ;
; LPM_WIDTHD             ; 4              ; Untyped                           ;
; LPM_NREPRESENTATION    ; UNSIGNED       ; Untyped                           ;
; LPM_DREPRESENTATION    ; UNSIGNED       ; Untyped                           ;
; LPM_PIPELINE           ; 0              ; Untyped                           ;
; LPM_REMAINDERPOSITIVE  ; TRUE           ; Untyped                           ;
; MAXIMIZE_SPEED         ; 5              ; Untyped                           ;
; CBXI_PARAMETER         ; lpm_divide_ckl ; Untyped                           ;
; CARRY_CHAIN            ; MANUAL         ; Untyped                           ;
; OPTIMIZE_FOR_SPEED     ; 5              ; Untyped                           ;
; AUTO_CARRY_CHAINS      ; ON             ; AUTO_CARRY                        ;
; IGNORE_CARRY_BUFFERS   ; OFF            ; IGNORE_CARRY                      ;
; AUTO_CASCADE_CHAINS    ; ON             ; AUTO_CASCADE                      ;
; IGNORE_CASCADE_BUFFERS ; OFF            ; IGNORE_CASCADE                    ;
+------------------------+----------------+-----------------------------------+
Note: In order to hide this table in the UI and the text report file, please set the "Show Parameter Settings in Synthesis Report" option in "Analysis and Synthesis Settings -> More Settings" to "Off".


+-----------------------------------------------------------------------------+
; Parameter Settings for Inferred Entity Instance: num_msb:n1|lpm_divide:Mod0 ;
+------------------------+----------------+-----------------------------------+
; Parameter Name         ; Value          ; Type                              ;
+------------------------+----------------+-----------------------------------+
; LPM_WIDTHN             ; 8              ; Untyped                           ;
; LPM_WIDTHD             ; 4              ; Untyped                           ;
; LPM_NREPRESENTATION    ; UNSIGNED       ; Untyped                           ;
; LPM_DREPRESENTATION    ; UNSIGNED       ; Untyped                           ;
; LPM_PIPELINE           ; 0              ; Untyped                           ;
; LPM_REMAINDERPOSITIVE  ; TRUE           ; Untyped                           ;
; MAXIMIZE_SPEED         ; 5              ; Untyped                           ;
; CBXI_PARAMETER         ; lpm_divide_ckl ; Untyped                           ;
; CARRY_CHAIN            ; MANUAL         ; Untyped                           ;
; OPTIMIZE_FOR_SPEED     ; 5              ; Untyped                           ;
; AUTO_CARRY_CHAINS      ; ON             ; AUTO_CARRY                        ;
; IGNORE_CARRY_BUFFERS   ; OFF            ; IGNORE_CARRY                      ;
; AUTO_CASCADE_CHAINS    ; ON             ; AUTO_CASCADE                      ;
; IGNORE_CASCADE_BUFFERS ; OFF            ; IGNORE_CASCADE                    ;
+------------------------+----------------+-----------------------------------+
Note: In order to hide this table in the UI and the text report file, please set the "Show Parameter Settings in Synthesis Report" option in "Analysis and Synthesis Settings -> More Settings" to "Off".


+------------------------------------------------------------------------------------------------------------------------+
; Port Connectivity Checks: "alarm_clock:a1|timer:alarm_tim|clocktime:hoursclock"                                        ;
+--------------+--------+----------+-------------------------------------------------------------------------------------+
; Port         ; Type   ; Severity ; Details                                                                             ;
+--------------+--------+----------+-------------------------------------------------------------------------------------+
; MaxVal[2..0] ; Input  ; Info     ; Stuck at VCC                                                                        ;
; MaxVal[7..5] ; Input  ; Info     ; Stuck at GND                                                                        ;
; MaxVal[4]    ; Input  ; Info     ; Stuck at VCC                                                                        ;
; MaxVal[3]    ; Input  ; Info     ; Stuck at GND                                                                        ;
; clkout       ; Output ; Info     ; Connected to dangling logic. Logic that only feeds a dangling port will be removed. ;
+--------------+--------+----------+-------------------------------------------------------------------------------------+


+-------------------------------------------------------------------------------+
; Port Connectivity Checks: "alarm_clock:a1|timer:alarm_tim|clocktime:minclock" ;
+--------------+-------+----------+---------------------------------------------+
; Port         ; Type  ; Severity ; Details                                     ;
+--------------+-------+----------+---------------------------------------------+
; MaxVal[5..3] ; Input ; Info     ; Stuck at VCC                                ;
; MaxVal[1..0] ; Input ; Info     ; Stuck at VCC                                ;
; MaxVal[7..6] ; Input ; Info     ; Stuck at GND                                ;
; MaxVal[2]    ; Input ; Info     ; Stuck at GND                                ;
+--------------+-------+----------+---------------------------------------------+


+-------------------------------------------------------------------------------+
; Port Connectivity Checks: "alarm_clock:a1|timer:alarm_tim|clocktime:secclock" ;
+--------------+-------+----------+---------------------------------------------+
; Port         ; Type  ; Severity ; Details                                     ;
+--------------+-------+----------+---------------------------------------------+
; MaxVal[5..3] ; Input ; Info     ; Stuck at VCC                                ;
; MaxVal[1..0] ; Input ; Info     ; Stuck at VCC                                ;
; MaxVal[7..6] ; Input ; Info     ; Stuck at GND                                ;
; MaxVal[2]    ; Input ; Info     ; Stuck at GND                                ;
+--------------+-------+----------+---------------------------------------------+


+---------------------------------------------------------------------------------------------------------------------------+
; Port Connectivity Checks: "alarm_clock:a1|freq_div:onehertz"                                                              ;
+-----------------+--------+----------+-------------------------------------------------------------------------------------+
; Port            ; Type   ; Severity ; Details                                                                             ;
+-----------------+--------+----------+-------------------------------------------------------------------------------------+
; count_max[7..1] ; Input  ; Info     ; Stuck at GND                                                                        ;
; count_max[0]    ; Input  ; Info     ; Stuck at VCC                                                                        ;
; count           ; Output ; Info     ; Connected to dangling logic. Logic that only feeds a dangling port will be removed. ;
+-----------------+--------+----------+-------------------------------------------------------------------------------------+


+-----------------------------------------------------------------------------------------------------------------------------+
; Port Connectivity Checks: "freq_div:f1"                                                                                     ;
+-------------------+--------+----------+-------------------------------------------------------------------------------------+
; Port              ; Type   ; Severity ; Details                                                                             ;
+-------------------+--------+----------+-------------------------------------------------------------------------------------+
; count_max[21..17] ; Input  ; Info     ; Stuck at VCC                                                                        ;
; count_max[13..10] ; Input  ; Info     ; Stuck at VCC                                                                        ;
; count_max[25..24] ; Input  ; Info     ; Stuck at GND                                                                        ;
; count_max[9..6]   ; Input  ; Info     ; Stuck at GND                                                                        ;
; count_max[4..0]   ; Input  ; Info     ; Stuck at GND                                                                        ;
; count_max[23]     ; Input  ; Info     ; Stuck at VCC                                                                        ;
; count_max[22]     ; Input  ; Info     ; Stuck at GND                                                                        ;
; count_max[16]     ; Input  ; Info     ; Stuck at GND                                                                        ;
; count_max[15]     ; Input  ; Info     ; Stuck at VCC                                                                        ;
; count_max[14]     ; Input  ; Info     ; Stuck at GND                                                                        ;
; count_max[5]      ; Input  ; Info     ; Stuck at VCC                                                                        ;
; count             ; Output ; Info     ; Connected to dangling logic. Logic that only feeds a dangling port will be removed. ;
+-------------------+--------+----------+-------------------------------------------------------------------------------------+


+-----------------------------------------------------+
; Post-Synthesis Netlist Statistics for Top Partition ;
+-----------------------+-----------------------------+
; Type                  ; Count                       ;
+-----------------------+-----------------------------+
; boundary_port         ; 58                          ;
; cycloneiii_ff         ; 80                          ;
;     CLR               ; 6                           ;
;     CLR SCLR          ; 34                          ;
;     ENA CLR SCLR      ; 40                          ;
; cycloneiii_lcell_comb ; 508                         ;
;     arith             ; 124                         ;
;         2 data inputs ; 73                          ;
;         3 data inputs ; 51                          ;
;     normal            ; 384                         ;
;         0 data inputs ; 15                          ;
;         1 data inputs ; 31                          ;
;         2 data inputs ; 64                          ;
;         3 data inputs ; 72                          ;
;         4 data inputs ; 202                         ;
;                       ;                             ;
; Max LUT depth         ; 14.90                       ;
; Average LUT depth     ; 8.29                        ;
+-----------------------+-----------------------------+


+-------------------------------+
; Elapsed Time Per Partition    ;
+----------------+--------------+
; Partition Name ; Elapsed Time ;
+----------------+--------------+
; Top            ; 00:00:01     ;
+----------------+--------------+


+-------------------------------+
; Analysis & Synthesis Messages ;
+-------------------------------+
Info: *******************************************************************
Info: Running Quartus Prime Analysis & Synthesis
    Info: Version 20.1.1 Build 720 11/11/2020 SJ Lite Edition
    Info: Processing started: Sun Mar 24 22:20:07 2024
Info: Command: quartus_map --read_settings_files=on --write_settings_files=off alarm_clock_pv -c alarm_clock_pv
Warning (18236): Number of processors has not been specified which may cause overloading on shared machines.  Set the global assignment NUM_PARALLEL_PROCESSORS in your QSF to an appropriate value for best performance.
Info (20030): Parallel compilation is enabled and will use 16 of the 16 processors detected
Info (12021): Found 8 design units, including 8 entities, in source file /users/pknad/documents/eee333_verilog/lab4/lab4.sv
    Info (12023): Found entity 1: freq_div File: C:/Users/pknad/Documents/EEE333_verilog/lab4/lab4.sv Line: 1
    Info (12023): Found entity 2: clocktime File: C:/Users/pknad/Documents/EEE333_verilog/lab4/lab4.sv Line: 18
    Info (12023): Found entity 3: timer File: C:/Users/pknad/Documents/EEE333_verilog/lab4/lab4.sv Line: 39
    Info (12023): Found entity 4: alarm_clock File: C:/Users/pknad/Documents/EEE333_verilog/lab4/lab4.sv Line: 64
    Info (12023): Found entity 5: alarm_clock_tb File: C:/Users/pknad/Documents/EEE333_verilog/lab4/lab4.sv Line: 105
    Info (12023): Found entity 6: Dec27Seg File: C:/Users/pknad/Documents/EEE333_verilog/lab4/lab4.sv Line: 156
    Info (12023): Found entity 7: num_msb File: C:/Users/pknad/Documents/EEE333_verilog/lab4/lab4.sv Line: 199
    Info (12023): Found entity 8: alarm_clock_pv File: C:/Users/pknad/Documents/EEE333_verilog/lab4/lab4.sv Line: 204
Info (12127): Elaborating entity "alarm_clock_pv" for the top level hierarchy
Info (12128): Elaborating entity "freq_div" for hierarchy "freq_div:f1" File: C:/Users/pknad/Documents/EEE333_verilog/lab4/lab4.sv Line: 219
Info (12128): Elaborating entity "alarm_clock" for hierarchy "alarm_clock:a1" File: C:/Users/pknad/Documents/EEE333_verilog/lab4/lab4.sv Line: 220
Info (12128): Elaborating entity "freq_div" for hierarchy "alarm_clock:a1|freq_div:onehertz" File: C:/Users/pknad/Documents/EEE333_verilog/lab4/lab4.sv Line: 69
Info (12128): Elaborating entity "timer" for hierarchy "alarm_clock:a1|timer:alarm_tim" File: C:/Users/pknad/Documents/EEE333_verilog/lab4/lab4.sv Line: 70
Info (12128): Elaborating entity "clocktime" for hierarchy "alarm_clock:a1|timer:alarm_tim|clocktime:secclock" File: C:/Users/pknad/Documents/EEE333_verilog/lab4/lab4.sv Line: 44
Info (12128): Elaborating entity "Dec27Seg" for hierarchy "Dec27Seg:D1" File: C:/Users/pknad/Documents/EEE333_verilog/lab4/lab4.sv Line: 222
Info (12128): Elaborating entity "num_msb" for hierarchy "num_msb:n1" File: C:/Users/pknad/Documents/EEE333_verilog/lab4/lab4.sv Line: 231
Warning (19016): Clock multiplexers are found and protected
    Warning (19017): Found clock multiplexer alarm_clock:a1|timer:clock_tim|clk_hr~0 File: C:/Users/pknad/Documents/EEE333_verilog/lab4/lab4.sv Line: 42
    Warning (19017): Found clock multiplexer alarm_clock:a1|timer:clock_tim|clk_min File: C:/Users/pknad/Documents/EEE333_verilog/lab4/lab4.sv Line: 42
    Warning (19017): Found clock multiplexer alarm_clock:a1|timer:alarm_tim|clk_hr~0 File: C:/Users/pknad/Documents/EEE333_verilog/lab4/lab4.sv Line: 42
    Warning (19017): Found clock multiplexer alarm_clock:a1|timer:alarm_tim|clk_min File: C:/Users/pknad/Documents/EEE333_verilog/lab4/lab4.sv Line: 42
Info (278001): Inferred 3 megafunctions from design logic
    Info (278004): Inferred divider/modulo megafunction ("lpm_divide") from the following logic: "num_msb:n3|Mod0" File: C:/Users/pknad/Documents/EEE333_verilog/lab4/lab4.sv Line: 201
    Info (278004): Inferred divider/modulo megafunction ("lpm_divide") from the following logic: "num_msb:n2|Mod0" File: C:/Users/pknad/Documents/EEE333_verilog/lab4/lab4.sv Line: 201
    Info (278004): Inferred divider/modulo megafunction ("lpm_divide") from the following logic: "num_msb:n1|Mod0" File: C:/Users/pknad/Documents/EEE333_verilog/lab4/lab4.sv Line: 201
Info (12130): Elaborated megafunction instantiation "num_msb:n3|lpm_divide:Mod0" File: C:/Users/pknad/Documents/EEE333_verilog/lab4/lab4.sv Line: 201
Info (12133): Instantiated megafunction "num_msb:n3|lpm_divide:Mod0" with the following parameter: File: C:/Users/pknad/Documents/EEE333_verilog/lab4/lab4.sv Line: 201
    Info (12134): Parameter "LPM_WIDTHN" = "8"
    Info (12134): Parameter "LPM_WIDTHD" = "4"
    Info (12134): Parameter "LPM_NREPRESENTATION" = "UNSIGNED"
    Info (12134): Parameter "LPM_DREPRESENTATION" = "UNSIGNED"
Info (12021): Found 1 design units, including 1 entities, in source file db/lpm_divide_ckl.tdf
    Info (12023): Found entity 1: lpm_divide_ckl File: C:/Users/pknad/Documents/EEE333_verilog/lab4/Quartus/db/lpm_divide_ckl.tdf Line: 25
Info (12021): Found 1 design units, including 1 entities, in source file db/sign_div_unsign_bkh.tdf
    Info (12023): Found entity 1: sign_div_unsign_bkh File: C:/Users/pknad/Documents/EEE333_verilog/lab4/Quartus/db/sign_div_unsign_bkh.tdf Line: 25
Info (12021): Found 1 design units, including 1 entities, in source file db/alt_u_div_0fe.tdf
    Info (12023): Found entity 1: alt_u_div_0fe File: C:/Users/pknad/Documents/EEE333_verilog/lab4/Quartus/db/alt_u_div_0fe.tdf Line: 27
Info (12021): Found 1 design units, including 1 entities, in source file db/add_sub_t3c.tdf
    Info (12023): Found entity 1: add_sub_t3c File: C:/Users/pknad/Documents/EEE333_verilog/lab4/Quartus/db/add_sub_t3c.tdf Line: 23
Info (12021): Found 1 design units, including 1 entities, in source file db/add_sub_u3c.tdf
    Info (12023): Found entity 1: add_sub_u3c File: C:/Users/pknad/Documents/EEE333_verilog/lab4/Quartus/db/add_sub_u3c.tdf Line: 23
Info (286030): Timing-Driven Synthesis is running
Info (16010): Generating hard_block partition "hard_block:auto_generated_inst"
    Info (16011): Adding 0 node(s), including 0 DDIO, 0 PLL, 0 transceiver and 0 LCELL
Info (21057): Implemented 542 device resources after synthesis - the final resource count might be different
    Info (21058): Implemented 9 input pins
    Info (21059): Implemented 49 output pins
    Info (21061): Implemented 484 logic cells
Info: Quartus Prime Analysis & Synthesis was successful. 0 errors, 6 warnings
    Info: Peak virtual memory: 4844 megabytes
    Info: Processing ended: Sun Mar 24 22:20:15 2024
    Info: Elapsed time: 00:00:08
    Info: Total CPU time (on all processors): 00:00:18


